# JRE version: Java(TM) SE Runtime Environment (8.0_144-b01) (build 1.8.0_144-b01)
# Java VM: Java HotSpot(TM) Client VM (25.144-b01 mixed mode windows-x86 )
Heap:
 def new generation   total 17408K, used 406K [0x03a00000, 0x04ce0000, 0x18f50000)
  eden space 15488K,   0% used [0x03a00000, 0x03a00000, 0x04920000)
  from space 1920K,  21% used [0x04b00000, 0x04b659e0, 0x04ce0000)
  to   space 1920K,   0% used [0x04920000, 0x04920000, 0x04b00000)
 tenured generation   total 39136K, used 39020K [0x18f50000, 0x1b588000, 0x43a00000)
   the space 39136K,  99% used [0x18f50000, 0x1b56b2b8, 0x1b56b400, 0x1b588000)
 Metaspace       used 32319K, capacity 33556K, committed 33664K, reserved 34176K
GC Heap History (10 events):
Event: 33.142 GC heap after
Heap after GC invocations=90 (full 4):
 def new generation   total 17408K, used 1516K [0x03a00000, 0x04ce0000, 0x18f50000)
  eden space 15488K,   0% used [0x03a00000, 0x03a00000, 0x04920000)
  from space 1920K,  78% used [0x04920000, 0x04a9b120, 0x04b00000)
  to   space 1920K,   0% used [0x04b00000, 0x04b00000, 0x04ce0000)
 tenured generation   total 38496K, used 30981K [0x18f50000, 0x1b4e8000, 0x43a00000)
   the space 38496K,  80% used [0x18f50000, 0x1ad91510, 0x1ad91600, 0x1b4e8000)
 Metaspace       used 30494K, capacity 31519K, committed 31616K, reserved 32128K
}
Event: 33.227 GC heap before
{Heap before GC invocations=90 (full 4):
 def new generation   total 17408K, used 17004K [0x03a00000, 0x04ce0000, 0x18f50000)
  eden space 15488K, 100% used [0x03a00000, 0x04920000, 0x04920000)
  from space 1920K,  78% used [0x04920000, 0x04a9b120, 0x04b00000)
  to   space 1920K,   0% used [0x04b00000, 0x04b00000, 0x04ce0000)
 tenured generation   total 38496K, used 30981K [0x18f50000, 0x1b4e8000, 0x43a00000)
   the space 38496K,  80% used [0x18f50000, 0x1ad91510, 0x1ad91600, 0x1b4e8000)
 Metaspace       used 30512K, capacity 31549K, committed 31616K, reserved 32128K
Event: 33.239 GC heap after
Heap after GC invocations=91 (full 4):
 def new generation   total 17408K, used 1565K [0x03a00000, 0x04ce0000, 0x18f50000)
  eden space 15488K,   0% used [0x03a00000, 0x03a00000, 0x04920000)
  from space 1920K,  81% used [0x04b00000, 0x04c87638, 0x04ce0000)
  to   space 1920K,   0% used [0x04920000, 0x04920000, 0x04b00000)
 tenured generation   total 38496K, used 32479K [0x18f50000, 0x1b4e8000, 0x43a00000)
   the space 38496K,  84% used [0x18f50000, 0x1af07c90, 0x1af07e00, 0x1b4e8000)
 Metaspace       used 30512K, capacity 31549K, committed 31616K, reserved 32128K
}
Event: 33.343 GC heap before
{Heap before GC invocations=91 (full 4):
 def new generation   total 17408K, used 17053K [0x03a00000, 0x04ce0000, 0x18f50000)
  eden space 15488K, 100% used [0x03a00000, 0x04920000, 0x04920000)
  from space 1920K,  81% used [0x04b00000, 0x04c87638, 0x04ce0000)
  to   space 1920K,   0% used [0x04920000, 0x04920000, 0x04b00000)
 tenured generation   total 38496K, used 32479K [0x18f50000, 0x1b4e8000, 0x43a00000)
   the space 38496K,  84% used [0x18f50000, 0x1af07c90, 0x1af07e00, 0x1b4e8000)
 Metaspace       used 30522K, capacity 31581K, committed 31616K, reserved 32128K
Event: 33.357 GC heap after
Heap after GC invocations=92 (full 4):
 def new generation   total 17408K, used 1790K [0x03a00000, 0x04ce0000, 0x18f50000)
  eden space 15488K,   0% used [0x03a00000, 0x03a00000, 0x04920000)
  from space 1920K,  93% used [0x04920000, 0x04adfbc0, 0x04b00000)
  to   space 1920K,   0% used [0x04b00000, 0x04b00000, 0x04ce0000)
 tenured generation   total 38496K, used 34042K [0x18f50000, 0x1b4e8000, 0x43a00000)
   the space 38496K,  88% used [0x18f50000, 0x1b08eae0, 0x1b08ec00, 0x1b4e8000)
 Metaspace       used 30522K, capacity 31581K, committed 31616K, reserved 32128K
}
Event: 33.661 GC heap before
{Heap before GC invocations=92 (full 4):
 def new generation   total 17408K, used 17278K [0x03a00000, 0x04ce0000, 0x18f50000)
  eden space 15488K, 100% used [0x03a00000, 0x04920000, 0x04920000)
  from space 1920K,  93% used [0x04920000, 0x04adfbc0, 0x04b00000)
  to   space 1920K,   0% used [0x04b00000, 0x04b00000, 0x04ce0000)
 tenured generation   total 38496K, used 34042K [0x18f50000, 0x1b4e8000, 0x43a00000)
   the space 38496K,  88% used [0x18f50000, 0x1b08eae0, 0x1b08ec00, 0x1b4e8000)
 Metaspace       used 31100K, capacity 32262K, committed 32384K, reserved 33152K
Event: 33.675 GC heap after
Heap after GC invocations=93 (full 4):
 def new generation   total 17408K, used 1919K [0x03a00000, 0x04ce0000, 0x18f50000)
  eden space 15488K,   0% used [0x03a00000, 0x03a00000, 0x04920000)
  from space 1920K,  99% used [0x04b00000, 0x04cdfff8, 0x04ce0000)
  to   space 1920K,   0% used [0x04920000, 0x04920000, 0x04b00000)
 tenured generation   total 38496K, used 35904K [0x18f50000, 0x1b4e8000, 0x43a00000)
   the space 38496K,  93% used [0x18f50000, 0x1b2601d0, 0x1b260200, 0x1b4e8000)
 Metaspace       used 31100K, capacity 32262K, committed 32384K, reserved 33152K
}
Event: 39.016 GC heap before
{Heap before GC invocations=93 (full 4):
 def new generation   total 17408K, used 17407K [0x03a00000, 0x04ce0000, 0x18f50000)
  eden space 15488K, 100% used [0x03a00000, 0x04920000, 0x04920000)
  from space 1920K,  99% used [0x04b00000, 0x04cdfff8, 0x04ce0000)
  to   space 1920K,   0% used [0x04920000, 0x04920000, 0x04b00000)
 tenured generation   total 38496K, used 35904K [0x18f50000, 0x1b4e8000, 0x43a00000)
   the space 38496K,  93% used [0x18f50000, 0x1b2601d0, 0x1b260200, 0x1b4e8000)
 Metaspace       used 32319K, capacity 33556K, committed 33664K, reserved 34176K
Event: 39.034 GC heap after
Heap after GC invocations=94 (full 4):
 def new generation   total 17408K, used 1920K [0x03a00000, 0x04ce0000, 0x18f50000)
  eden space 15488K,   0% used [0x03a00000, 0x03a00000, 0x04920000)
  from space 1920K, 100% used [0x04920000, 0x04b00000, 0x04b00000)
  to   space 1920K,   0% used [0x04b00000, 0x04b00000, 0x04ce0000)
 tenured generation   total 38496K, used 37988K [0x18f50000, 0x1b4e8000, 0x43a00000)
   the space 38496K,  98% used [0x18f50000, 0x1b4690f0, 0x1b469200, 0x1b4e8000)
 Metaspace       used 32319K, capacity 33556K, committed 33664K, reserved 34176K
}
Event: 40.410 GC heap before
{Heap before GC invocations=94 (full 4):
 def new generation   total 17408K, used 17408K [0x03a00000, 0x04ce0000, 0x18f50000)
  eden space 15488K, 100% used [0x03a00000, 0x04920000, 0x04920000)
  from space 1920K, 100% used [0x04920000, 0x04b00000, 0x04b00000)
  to   space 1920K,   0% used [0x04b00000, 0x04b00000, 0x04ce0000)
 tenured generation   total 38496K, used 37988K [0x18f50000, 0x1b4e8000, 0x43a00000)
   the space 38496K,  98% used [0x18f50000, 0x1b4690f0, 0x1b469200, 0x1b4e8000)
 Metaspace       used 32319K, capacity 33556K, committed 33664K, reserved 34176K

